c:\users\mgagu\completedwork\cs330-compgraphic&visualization\cs330-7.1-project\cs330-7.1-michaelgagujas\1-3dproject\openglsample\release\vc143.pdb
c:\users\mgagu\completedwork\cs330-compgraphic&visualization\cs330-7.1-project\cs330-7.1-michaelgagujas\1-3dproject\openglsample\release\walls.obj
c:\users\mgagu\completedwork\cs330-compgraphic&visualization\cs330-7.1-project\cs330-7.1-michaelgagujas\1-3dproject\openglsample\release\textures.obj
c:\users\mgagu\completedwork\cs330-compgraphic&visualization\cs330-7.1-project\cs330-7.1-michaelgagujas\1-3dproject\openglsample\release\table.obj
c:\users\mgagu\completedwork\cs330-compgraphic&visualization\cs330-7.1-project\cs330-7.1-michaelgagujas\1-3dproject\openglsample\release\spotlight.obj
c:\users\mgagu\completedwork\cs330-compgraphic&visualization\cs330-7.1-project\cs330-7.1-michaelgagujas\1-3dproject\openglsample\release\shader.obj
c:\users\mgagu\completedwork\cs330-compgraphic&visualization\cs330-7.1-project\cs330-7.1-michaelgagujas\1-3dproject\openglsample\release\scenemanagerbsp.obj
c:\users\mgagu\completedwork\cs330-compgraphic&visualization\cs330-7.1-project\cs330-7.1-michaelgagujas\1-3dproject\openglsample\release\popcornbucket.obj
c:\users\mgagu\completedwork\cs330-compgraphic&visualization\cs330-7.1-project\cs330-7.1-michaelgagujas\1-3dproject\openglsample\release\pointlight.obj
c:\users\mgagu\completedwork\cs330-compgraphic&visualization\cs330-7.1-project\cs330-7.1-michaelgagujas\1-3dproject\openglsample\release\meshcreator.obj
c:\users\mgagu\completedwork\cs330-compgraphic&visualization\cs330-7.1-project\cs330-7.1-michaelgagujas\1-3dproject\openglsample\release\main.obj
c:\users\mgagu\completedwork\cs330-compgraphic&visualization\cs330-7.1-project\cs330-7.1-michaelgagujas\1-3dproject\openglsample\release\lightsource.obj
c:\users\mgagu\completedwork\cs330-compgraphic&visualization\cs330-7.1-project\cs330-7.1-michaelgagujas\1-3dproject\openglsample\release\lightmanager.obj
c:\users\mgagu\completedwork\cs330-compgraphic&visualization\cs330-7.1-project\cs330-7.1-michaelgagujas\1-3dproject\openglsample\release\item.obj
c:\users\mgagu\completedwork\cs330-compgraphic&visualization\cs330-7.1-project\cs330-7.1-michaelgagujas\1-3dproject\openglsample\release\hammer.obj
c:\users\mgagu\completedwork\cs330-compgraphic&visualization\cs330-7.1-project\cs330-7.1-michaelgagujas\1-3dproject\openglsample\release\firefly.obj
c:\users\mgagu\completedwork\cs330-compgraphic&visualization\cs330-7.1-project\cs330-7.1-michaelgagujas\1-3dproject\openglsample\release\fireflower.obj
c:\users\mgagu\completedwork\cs330-compgraphic&visualization\cs330-7.1-project\cs330-7.1-michaelgagujas\1-3dproject\openglsample\release\drinkbox.obj
c:\users\mgagu\completedwork\cs330-compgraphic&visualization\cs330-7.1-project\cs330-7.1-michaelgagujas\1-3dproject\openglsample\release\directlight.obj
c:\users\mgagu\completedwork\cs330-compgraphic&visualization\cs330-7.1-project\cs330-7.1-michaelgagujas\1-3dproject\openglsample\release\bsptree.obj
c:\users\mgagu\completedwork\cs330-compgraphic&visualization\cs330-7.1-project\cs330-7.1-michaelgagujas\1-3dproject\openglsample\release\glad.obj
c:\users\mgagu\completedwork\cs330-compgraphic&visualization\cs330-7.1-project\cs330-7.1-michaelgagujas\1-3dproject\release\openglsample.exe
c:\users\mgagu\completedwork\cs330-compgraphic&visualization\cs330-7.1-project\cs330-7.1-michaelgagujas\1-3dproject\release\openglsample.pdb
c:\users\mgagu\completedwork\cs330-compgraphic&visualization\cs330-7.1-project\cs330-7.1-michaelgagujas\1-3dproject\openglsample\release\openglsample.ipdb
c:\users\mgagu\completedwork\cs330-compgraphic&visualization\cs330-7.1-project\cs330-7.1-michaelgagujas\1-3dproject\openglsample\release\openglsample.iobj
c:\users\mgagu\completedwork\cs330-compgraphic&visualization\cs330-7.1-project\cs330-7.1-michaelgagujas\1-3dproject\openglsample\release\openglsample.tlog\cl.command.1.tlog
c:\users\mgagu\completedwork\cs330-compgraphic&visualization\cs330-7.1-project\cs330-7.1-michaelgagujas\1-3dproject\openglsample\release\openglsample.tlog\cl.items.tlog
c:\users\mgagu\completedwork\cs330-compgraphic&visualization\cs330-7.1-project\cs330-7.1-michaelgagujas\1-3dproject\openglsample\release\openglsample.tlog\cl.read.1.tlog
c:\users\mgagu\completedwork\cs330-compgraphic&visualization\cs330-7.1-project\cs330-7.1-michaelgagujas\1-3dproject\openglsample\release\openglsample.tlog\cl.write.1.tlog
c:\users\mgagu\completedwork\cs330-compgraphic&visualization\cs330-7.1-project\cs330-7.1-michaelgagujas\1-3dproject\openglsample\release\openglsample.tlog\link.command.1.tlog
c:\users\mgagu\completedwork\cs330-compgraphic&visualization\cs330-7.1-project\cs330-7.1-michaelgagujas\1-3dproject\openglsample\release\openglsample.tlog\link.read.1.tlog
c:\users\mgagu\completedwork\cs330-compgraphic&visualization\cs330-7.1-project\cs330-7.1-michaelgagujas\1-3dproject\openglsample\release\openglsample.tlog\link.secondary.1.tlog
c:\users\mgagu\completedwork\cs330-compgraphic&visualization\cs330-7.1-project\cs330-7.1-michaelgagujas\1-3dproject\openglsample\release\openglsample.tlog\link.write.1.tlog
